<?xml version="1.0" encoding="UTF-8"?>
<testsuite xmlns:xsi="http://www.w3.org/2001/XMLSchema-instance" xsi:noNamespaceSchemaLocation="https://maven.apache.org/surefire/maven-surefire-plugin/xsd/surefire-test-report-3.0.xsd" version="3.0" name="isi.deso.tpdsw.Controllers.PedidoControllerTest" time="6.378" tests="9" errors="0" skipped="0" failures="0">
  <properties>
[...]
</properties>
  <testcase name="eliminarFilaActualizaModelo" classname="isi.deso.tpdsw.Controllers.PedidoControllerTest" time="4.325">
    <system-err><![CDATA[Mockito is currently self-attaching to enable the inline-mock-maker. This will no longer work in future releases of the JDK. Please add Mockito as an agent to your build what is described in Mockito's documentation: https://javadoc.io/doc/org.mockito/mockito-core/latest/org/mockito/Mockito.html#0.3
WARNING: A Java agent has been loaded dynamically (C:\Users\santi\.m2\repository\net\bytebuddy\byte-buddy-agent\1.15.4\byte-buddy-agent-1.15.4.jar)
WARNING: If a serviceability tool is in use, please run with -XX:+EnableDynamicAgentLoading to hide this warning
WARNING: If a serviceability tool is not in use, please run with -Djdk.instrument.traceUsage for more information
WARNING: Dynamic loading of agents will be disallowed by default in a future release
]]></system-err>
  </testcase>
  <testcase name="buscarDatosObtieneTodos" classname="isi.deso.tpdsw.Controllers.PedidoControllerTest" time="0.043"/>
  <testcase name="eliminaFilaTablaVaciaFunciona" classname="isi.deso.tpdsw.Controllers.PedidoControllerTest" time="0.012"/>
  <testcase name="vendedorCreadoCorrectamente" classname="isi.deso.tpdsw.Controllers.PedidoControllerTest" time="0.013"/>
  <testcase name="eliminarFilaFueraDeRangoFunciona" classname="isi.deso.tpdsw.Controllers.PedidoControllerTest" time="0.014"/>
  <testcase name="editarFilaLlamaFormYModifica" classname="isi.deso.tpdsw.Controllers.PedidoControllerTest" time="1.787"/>
  <testcase name="idIncrementadoCorrectamente" classname="isi.deso.tpdsw.Controllers.PedidoControllerTest" time="0.014"/>
  <testcase name="filtrarDatosFiltra" classname="isi.deso.tpdsw.Controllers.PedidoControllerTest" time="0.016"/>
  <testcase name="filtarDatosStringVacioObtieneTodos" classname="isi.deso.tpdsw.Controllers.PedidoControllerTest" time="0.022"/>
</testsuite>